[INFO] Scanning for projects...
[INFO] 
[INFO] ---------------< com.serverManagement:server-management >---------------
[INFO] Building server-management 0.0.1-SNAPSHOT
[INFO]   from pom.xml
[INFO] --------------------------------[ jar ]---------------------------------
[INFO] 
[INFO] >>> spring-boot-maven-plugin:3.2.11:run (default-cli) > test-compile @ server-management >>>
[INFO] 
[INFO] --- maven-resources-plugin:3.3.1:resources (default-resources) @ server-management ---
[INFO] Copying 1 resource from src\main\resources to target\classes
[INFO] Copying 17 resources from src\main\resources to target\classes
[INFO] 
[INFO] --- maven-compiler-plugin:3.11.0:compile (default-compile) @ server-management ---
[INFO] Changes detected - recompiling the module! :source
[INFO] Compiling 213 source files with javac [debug release 17] to target\classes
[INFO] /C:/Users/CMJ786/Desktop/rma/MSIPL-Warehouse-RMA/src/main/java/com/serverManagement/server/management/dao/gatepass/InwardGatePassDAO.java: Some input files use or override a deprecated API.
[INFO] /C:/Users/CMJ786/Desktop/rma/MSIPL-Warehouse-RMA/src/main/java/com/serverManagement/server/management/dao/gatepass/InwardGatePassDAO.java: Recompile with -Xlint:deprecation for details.
[INFO] 
[INFO] --- maven-resources-plugin:3.3.1:testResources (default-testResources) @ server-management ---
[INFO] skip non existing resourceDirectory C:\Users\CMJ786\Desktop\rma\MSIPL-Warehouse-RMA\src\test\resources
[INFO] 
[INFO] --- maven-compiler-plugin:3.11.0:testCompile (default-testCompile) @ server-management ---
[INFO] No sources to compile
[INFO] 
[INFO] <<< spring-boot-maven-plugin:3.2.11:run (default-cli) < test-compile @ server-management <<<
[INFO] 
[INFO] 
[INFO] --- spring-boot-maven-plugin:3.2.11:run (default-cli) @ server-management ---
[INFO] Attaching agents: []

  .   ____          _            __ _ _
 /\\ / ___'_ __ _ _(_)_ __  __ _ \ \ \ \
( ( )\___ | '_ | '_| | '_ \/ _` | \ \ \ \
 \\/  ___)| |_)| | | | | || (_| |  ) ) ) )
  '  |____| .__|_| |_|_| |_\__, | / / / /
 =========|_|==============|___/=/_/_/_/
 :: Spring Boot ::               (v3.2.11)

2026-01-08T09:35:18.536+05:30  INFO 25792 --- [server-management] [  restartedMain] c.s.s.m.ServerManagementApplication      : Starting ServerManagementApplication using Java 21.0.9 with PID 25792 (C:\Users\CMJ786\Desktop\rma\MSIPL-Warehouse-RMA\target\classes started by CMJ786 in C:\Users\CMJ786\Desktop\rma\MSIPL-Warehouse-RMA)
2026-01-08T09:35:18.550+05:30  INFO 25792 --- [server-management] [  restartedMain] c.s.s.m.ServerManagementApplication      : No active profile set, falling back to 1 default profile: "default"
2026-01-08T09:35:18.645+05:30  INFO 25792 --- [server-management] [  restartedMain] .e.DevToolsPropertyDefaultsPostProcessor : Devtools property defaults active! Set 'spring.devtools.add-properties' to 'false' to disable
2026-01-08T09:35:18.646+05:30  INFO 25792 --- [server-management] [  restartedMain] .e.DevToolsPropertyDefaultsPostProcessor : For additional web related logging consider setting the 'logging.level.web' property to 'DEBUG'
2026-01-08T09:35:20.437+05:30  INFO 25792 --- [server-management] [  restartedMain] .s.d.r.c.RepositoryConfigurationDelegate : Bootstrapping Spring Data JPA repositories in DEFAULT mode.
2026-01-08T09:35:20.788+05:30  INFO 25792 --- [server-management] [  restartedMain] .s.d.r.c.RepositoryConfigurationDelegate : Finished Spring Data repository scanning in 334 ms. Found 29 JPA repository interfaces.
2026-01-08T09:35:21.962+05:30  INFO 25792 --- [server-management] [  restartedMain] o.s.b.w.embedded.tomcat.TomcatWebServer  : Tomcat initialized with port 8081 (http)
2026-01-08T09:35:22.009+05:30  INFO 25792 --- [server-management] [  restartedMain] o.apache.catalina.core.StandardService   : Starting service [Tomcat]
2026-01-08T09:35:22.009+05:30  INFO 25792 --- [server-management] [  restartedMain] o.apache.catalina.core.StandardEngine    : Starting Servlet engine: [Apache Tomcat/10.1.31]
2026-01-08T09:35:22.259+05:30  INFO 25792 --- [server-management] [  restartedMain] o.a.c.c.C.[Tomcat].[localhost].[/]       : Initializing Spring embedded WebApplicationContext
2026-01-08T09:35:22.261+05:30  INFO 25792 --- [server-management] [  restartedMain] w.s.c.ServletWebServerApplicationContext : Root WebApplicationContext: initialization completed in 3614 ms
2026-01-08T09:35:22.563+05:30  INFO 25792 --- [server-management] [  restartedMain] o.hibernate.jpa.internal.util.LogHelper  : HHH000204: Processing PersistenceUnitInfo [name: default]
2026-01-08T09:35:22.634+05:30  INFO 25792 --- [server-management] [  restartedMain] org.hibernate.Version                    : HHH000412: Hibernate ORM core version 6.4.10.Final
2026-01-08T09:35:22.673+05:30  INFO 25792 --- [server-management] [  restartedMain] o.h.c.internal.RegionFactoryInitiator    : HHH000026: Second-level cache disabled
2026-01-08T09:35:22.923+05:30  INFO 25792 --- [server-management] [  restartedMain] o.s.o.j.p.SpringPersistenceUnitInfo      : No LoadTimeWeaver setup: ignoring JPA class transformer
2026-01-08T09:35:22.946+05:30  INFO 25792 --- [server-management] [  restartedMain] com.zaxxer.hikari.HikariDataSource       : HikariPool-1 - Starting...
2026-01-08T09:35:23.371+05:30  INFO 25792 --- [server-management] [  restartedMain] com.zaxxer.hikari.pool.HikariPool        : HikariPool-1 - Added connection org.postgresql.jdbc.PgConnection@7a7d5fe4
2026-01-08T09:35:23.374+05:30  INFO 25792 --- [server-management] [  restartedMain] com.zaxxer.hikari.HikariDataSource       : HikariPool-1 - Start completed.
2026-01-08T09:35:26.457+05:30  INFO 25792 --- [server-management] [  restartedMain] o.h.e.t.j.p.i.JtaPlatformInitiator       : HHH000489: No JTA platform available (set 'hibernate.transaction.jta.platform' to enable JTA platform integration)
2026-01-08T09:35:27.121+05:30  INFO 25792 --- [server-management] [  restartedMain] j.LocalContainerEntityManagerFactoryBean : Initialized JPA EntityManagerFactory for persistence unit 'default'
2026-01-08T09:35:27.779+05:30  INFO 25792 --- [server-management] [  restartedMain] o.s.d.j.r.query.QueryEnhancerFactory     : Hibernate is in classpath; If applicable, HQL parser will be used.
2026-01-08T09:35:31.674+05:30  WARN 25792 --- [server-management] [  restartedMain] JpaBaseConfiguration$JpaWebConfiguration : spring.jpa.open-in-view is enabled by default. Therefore, database queries may be performed during view rendering. Explicitly configure spring.jpa.open-in-view to disable this warning
2026-01-08T09:35:32.345+05:30  INFO 25792 --- [server-management] [  restartedMain] o.s.s.web.DefaultSecurityFilterChain     : Will secure any request with [org.springframework.security.web.session.DisableEncodeUrlFilter@d1f4196, org.springframework.security.web.context.request.async.WebAsyncManagerIntegrationFilter@5bdc0d3f, org.springframework.security.web.context.SecurityContextHolderFilter@1dd80d79, org.springframework.security.web.header.HeaderWriterFilter@697ddf78, org.springframework.web.filter.CorsFilter@16a3310d, org.springframework.security.web.authentication.logout.LogoutFilter@adc88e1, com.serverManagement.server.management.filter.JWTRequestFilter@721dbfc0, org.springframework.security.web.savedrequest.RequestCacheAwareFilter@2d10bbd4, org.springframework.security.web.servletapi.SecurityContextHolderAwareRequestFilter@4b3c7439, org.springframework.security.web.authentication.AnonymousAuthenticationFilter@5adeba5b, org.springframework.security.web.session.SessionManagementFilter@695e2358, org.springframework.security.web.access.ExceptionTranslationFilter@5ff59aa5, org.springframework.security.web.access.intercept.AuthorizationFilter@4cd348d2]
2026-01-08T09:35:33.030+05:30  INFO 25792 --- [server-management] [  restartedMain] o.s.b.d.a.OptionalLiveReloadServer       : LiveReload server is running on port 35729
2026-01-08T09:35:33.089+05:30  INFO 25792 --- [server-management] [  restartedMain] o.s.b.w.embedded.tomcat.TomcatWebServer  : Tomcat started on port 8081 (http) with context path ''
2026-01-08T09:35:33.092+05:30  INFO 25792 --- [server-management] [  restartedMain] o.s.m.s.b.SimpleBrokerMessageHandler     : Starting...
2026-01-08T09:35:33.092+05:30  INFO 25792 --- [server-management] [  restartedMain] o.s.m.s.b.SimpleBrokerMessageHandler     : BrokerAvailabilityEvent[available=true, SimpleBrokerMessageHandler [org.springframework.messaging.simp.broker.DefaultSubscriptionRegistry@1f3e445c]]
2026-01-08T09:35:33.092+05:30  INFO 25792 --- [server-management] [  restartedMain] o.s.m.s.b.SimpleBrokerMessageHandler     : Started.
2026-01-08T09:35:33.106+05:30  INFO 25792 --- [server-management] [  restartedMain] c.s.s.m.ServerManagementApplication      : Started ServerManagementApplication in 15.359 seconds (process running for 16.824)
^C2026-01-08T09:36:16.610+05:30  INFO 25792 --- [server-management] [ionShutdownHook] o.s.m.s.b.SimpleBrokerMessageHandler     : Stopping...
Terminate batch job (Y/N)? 2026-01-08T09:36:16.612+05:30  INFO 25792 --- [server-management] [ionShutdownHook] o.s.m.s.b.SimpleBrokerMessageHandler     : BrokerAvailabilityEvent[available=false, SimpleBrokerMessageHandler [org.springframework.messaging.simp.broker.DefaultSubscriptionRegistry@1f3e445c]]
2026-01-08T09:36:16.613+05:30  INFO 25792 --- [server-management] [ionShutdownHook] o.s.m.s.b.SimpleBrokerMessageHandler     : Stopped.
2026-01-08T09:36:16.646+05:30  INFO 25792 --- [server-management] [ionShutdownHook] j.LocalContainerEntityManagerFactoryBean : Closing JPA EntityManagerFactory for persistence unit 'default'
2026-01-08T09:36:16.653+05:30  INFO 25792 --- [server-management] [ionShutdownHook] com.zaxxer.hikari.HikariDataSource       : HikariPool-1 - Shutdown initiated...
2026-01-08T09:36:16.662+05:30  INFO 25792 --- [server-management] [ionShutdownHook] com.zaxxer.hikari.HikariDataSource       : HikariPool-1 - Shutdown completed.
[INFO] ------------------------------------------------------------------------
[INFO] BUILD SUCCESS
[INFO] ------------------------------------------------------------------------
[INFO] Total time:  01:16 min
[INFO] Finished at: 2026-01-08T09:36:17+05:30
[INFO] ------------------------------------------------------------------------
